<?xml version="1.0" encoding="utf-8"?>
<testsuites><testsuite name="topic_management.tests.Topic_managementViewsTestCase"><testcase classname="topic_management.tests.Topic_managementViewsTestCase" name="test_addtopic" time="0.176260"><error message="'user' is an invalid keyword argument for this function">Traceback (most recent call last):
  File "/home/programmer/.virtualenvs/PDTtool/IntelPress/PDTtool/topic_management/tests.py", line 81, in setUp
    self.create_topics(extuser=extuser)
  File "/home/programmer/.virtualenvs/PDTtool/IntelPress/PDTtool/topic_management/tests.py", line 39, in create_topics
    topic=topic1,
  File "/home/programmer/.virtualenvs/PDTtool/local/lib/python2.7/site-packages/django/db/models/base.py", line 415, in __init__
    raise TypeError("'%s' is an invalid keyword argument for this function" % list(kwargs)[0])
TypeError: 'user' is an invalid keyword argument for this function
</error></testcase><testcase classname="topic_management.tests.Topic_managementViewsTestCase" name="test_search_form" time="0.212697"><error message="'user' is an invalid keyword argument for this function">Traceback (most recent call last):
  File "/home/programmer/.virtualenvs/PDTtool/IntelPress/PDTtool/topic_management/tests.py", line 81, in setUp
    self.create_topics(extuser=extuser)
  File "/home/programmer/.virtualenvs/PDTtool/IntelPress/PDTtool/topic_management/tests.py", line 39, in create_topics
    topic=topic1,
  File "/home/programmer/.virtualenvs/PDTtool/local/lib/python2.7/site-packages/django/db/models/base.py", line 415, in __init__
    raise TypeError("'%s' is an invalid keyword argument for this function" % list(kwargs)[0])
TypeError: 'user' is an invalid keyword argument for this function
</error></testcase><testcase classname="topic_management.tests.Topic_managementViewsTestCase" name="test_viewtopic" time="0.206820"><error message="'user' is an invalid keyword argument for this function">Traceback (most recent call last):
  File "/home/programmer/.virtualenvs/PDTtool/IntelPress/PDTtool/topic_management/tests.py", line 81, in setUp
    self.create_topics(extuser=extuser)
  File "/home/programmer/.virtualenvs/PDTtool/IntelPress/PDTtool/topic_management/tests.py", line 39, in create_topics
    topic=topic1,
  File "/home/programmer/.virtualenvs/PDTtool/local/lib/python2.7/site-packages/django/db/models/base.py", line 415, in __init__
    raise TypeError("'%s' is an invalid keyword argument for this function" % list(kwargs)[0])
TypeError: 'user' is an invalid keyword argument for this function
</error></testcase><testcase classname="topic_management.tests.Topic_managementViewsTestCase" name="test_viewtopics" time="0.216133"><error message="'user' is an invalid keyword argument for this function">Traceback (most recent call last):
  File "/home/programmer/.virtualenvs/PDTtool/IntelPress/PDTtool/topic_management/tests.py", line 81, in setUp
    self.create_topics(extuser=extuser)
  File "/home/programmer/.virtualenvs/PDTtool/IntelPress/PDTtool/topic_management/tests.py", line 39, in create_topics
    topic=topic1,
  File "/home/programmer/.virtualenvs/PDTtool/local/lib/python2.7/site-packages/django/db/models/base.py", line 415, in __init__
    raise TypeError("'%s' is an invalid keyword argument for this function" % list(kwargs)[0])
TypeError: 'user' is an invalid keyword argument for this function
</error></testcase></testsuite><testsuite name="user_management.tests.User_managementViewTestCase"><testcase classname="user_management.tests.User_managementViewTestCase" name="test_accountsettings" time="0.473711"></testcase><testcase classname="user_management.tests.User_managementViewTestCase" name="test_activate" time="0.275694"></testcase><testcase classname="user_management.tests.User_managementViewTestCase" name="test_forgotpassword" time="0.344787"></testcase><testcase classname="user_management.tests.User_managementViewTestCase" name="test_login" time="0.661426"><system-out>Creating Supervisor group.
Creating Program Manager group.
Creating Guest group.
</system-out></testcase><testcase classname="user_management.tests.User_managementViewTestCase" name="test_logout" time="0.259540"></testcase><testcase classname="user_management.tests.User_managementViewTestCase" name="test_register" time="0.255244"></testcase><testcase classname="user_management.tests.User_managementViewTestCase" name="test_resetpassword" time="0.605322"></testcase><testcase classname="user_management.tests.User_managementViewTestCase" name="test_viewusers" time="1.333314"></testcase></testsuite></testsuites>